2021-01-23 12:28:54,818 INFO  [Log] Application opened 
2021-01-23 12:29:01,289 INFO  [Log] add emp 
2021-01-23 12:29:01,289 INFO  [Log] del emp 
2021-01-23 12:29:01,373 INFO  [Log] Application Logout 
2021-01-23 12:29:01,453 INFO  [Log] Application Closed 
2021-01-27 12:27:02,428 INFO  [Log] Application opened 
2021-01-27 12:27:09,074 INFO  [Log] add emp 
2021-01-27 12:27:09,074 INFO  [Log] del emp 
2021-01-27 12:27:09,139 INFO  [Log] Application Logout 
2021-01-27 12:27:09,225 INFO  [Log] Application Closed 
2021-01-27 12:27:52,293 INFO  [Log] Application opened 
2021-01-27 12:27:58,742 INFO  [Log] add emp 
2021-01-27 12:27:58,743 INFO  [Log] del emp 
2021-01-27 12:27:58,811 INFO  [Log] Application Logout 
2021-01-27 12:27:58,886 INFO  [Log] Application Closed 
2021-01-27 12:37:57,595 INFO  [Log] Application opened 
2021-01-27 12:38:04,073 INFO  [Log] add emp 
2021-01-27 12:38:04,073 INFO  [Log] del emp 
2021-01-27 12:38:04,139 INFO  [Log] Application Logout 
2021-01-27 12:38:04,207 INFO  [Log] Application Closed 
2021-01-27 12:48:37,579 INFO  [Log] Application opened 
2021-01-27 12:48:44,083 INFO  [Log] add emp 
2021-01-27 12:48:44,083 INFO  [Log] del emp 
2021-01-27 12:48:44,152 INFO  [Log] Application Logout 
2021-01-27 12:48:44,232 INFO  [Log] Application Closed 
2021-01-27 12:48:47,584 INFO  [Log] Application opened 
2021-01-27 12:48:54,023 INFO  [Log] Application Logout 
2021-01-27 12:48:54,092 INFO  [Log] Application Closed 
2021-01-27 12:51:44,871 INFO  [Log] Application opened 
2021-01-27 12:51:51,434 INFO  [Log] add emp 
2021-01-27 12:51:51,434 INFO  [Log] del emp 
2021-01-27 12:51:51,514 INFO  [Log] Application Logout 
2021-01-27 12:51:51,586 INFO  [Log] Application Closed 
2021-01-27 12:51:54,848 INFO  [Log] Application opened 
2021-01-27 12:52:01,393 INFO  [Log] Application Logout 
2021-01-27 12:52:01,468 INFO  [Log] Application Closed 
